appshowphoto/app/build/intermediates/manifest_merge_blame_file/debug/manifest-merger-blame-debug-report.txt
1<?xml version="1.0" encoding="utf-8"?>
2<manifest xmlns:android="http://schemas.android.com/apk/res/android"
3    package="com.example.appshowphoto"
4    android:versionCode="1"
5    android:versionName="1.0" >
6
7    <uses-sdk
8        android:minSdkVersion="21"
8-->src\main\AndroidManifest.xml
9        android:targetSdkVersion="32" />
9-->src\main\AndroidManifest.xml
10
11    <application
11-->src\main\AndroidManifest.xml:5:5-43:19
12        android:allowBackup="true"
12-->src\main\AndroidManifest.xml:6:9-35
13        android:appComponentFactory="androidx.core.app.CoreComponentFactory"
13-->[androidx.core:core:1.7.0] AndroidManifest.xml:24:18-86
14        android:dataExtractionRules="@xml/data_extraction_rules"
14-->src\main\AndroidManifest.xml:7:9-65
15        android:debuggable="true"
16        android:fullBackupContent="@xml/backup_rules"
16-->src\main\AndroidManifest.xml:8:9-54
17        android:icon="@mipmap/ic_launcher"
17-->src\main\AndroidManifest.xml:9:9-43
18        android:label="@string/app_name"
18-->src\main\AndroidManifest.xml:10:9-41
19        android:roundIcon="@mipmap/ic_launcher_round"
19-->src\main\AndroidManifest.xml:11:9-54
20        android:supportsRtl="true"
20-->src\main\AndroidManifest.xml:12:9-35
21        android:testOnly="true"
22        android:theme="@style/Theme.Appshowphoto" >
22-->src\main\AndroidManifest.xml:13:9-50
23        <activity
23-->src\main\AndroidManifest.xml:15:9-42:20
24            android:name="com.example.appshowphoto.MainActivity"
24-->src\main\AndroidManifest.xml:16:13-41
25            android:exported="true" >
25-->src\main\AndroidManifest.xml:17:13-36
26            <intent-filter>
26-->src\main\AndroidManifest.xml:18:13-22:29
27                <action android:name="android.intent.action.MAIN" />
27-->src\main\AndroidManifest.xml:19:17-69
27-->src\main\AndroidManifest.xml:19:25-66
28
29                <category android:name="android.intent.category.LAUNCHER" />
29-->src\main\AndroidManifest.xml:21:17-77
29-->src\main\AndroidManifest.xml:21:27-74
30            </intent-filter>
31            <!-- filter for sending text; accepts SENDTO action with sms URI schemes -->
32            <intent-filter>
32-->src\main\AndroidManifest.xml:24:13-29:29
33                <action android:name="android.intent.action.SENDTO" />
33-->src\main\AndroidManifest.xml:25:17-70
33-->src\main\AndroidManifest.xml:25:25-68
34
35                <category android:name="android.intent.category.DEFAULT" />
35-->src\main\AndroidManifest.xml:26:17-75
35-->src\main\AndroidManifest.xml:26:27-73
36
37                <data android:scheme="sms" />
37-->src\main\AndroidManifest.xml:27:17-46
37-->src\main\AndroidManifest.xml:27:23-43
38                <data android:scheme="smsto" />
38-->src\main\AndroidManifest.xml:27:17-46
38-->src\main\AndroidManifest.xml:27:23-43
39            </intent-filter>
40
41            <!-- filter for sending text or images; accepts SEND action and text or image data -->
42            <intent-filter>
42-->src\main\AndroidManifest.xml:32:13-37:29
43                <action android:name="android.intent.action.SEND" />
43-->src\main\AndroidManifest.xml:33:17-68
43-->src\main\AndroidManifest.xml:33:25-66
44
45                <category android:name="android.intent.category.DEFAULT" />
45-->src\main\AndroidManifest.xml:26:17-75
45-->src\main\AndroidManifest.xml:26:27-73
46
47                <data android:mimeType="image/*" />
47-->src\main\AndroidManifest.xml:27:17-46
47-->src\main\AndroidManifest.xml:35:23-49
48                <data android:mimeType="text/plain" />
48-->src\main\AndroidManifest.xml:27:17-46
48-->src\main\AndroidManifest.xml:35:23-49
49            </intent-filter>
50
51            <meta-data
51-->src\main\AndroidManifest.xml:39:13-41:36
52                android:name="android.app.lib_name"
52-->src\main\AndroidManifest.xml:40:17-52
53                android:value="" />
53-->src\main\AndroidManifest.xml:41:17-33
54        </activity>
55
56        <provider
56-->[androidx.emoji2:emoji2:1.0.0] AndroidManifest.xml:26:9-34:20
57            android:name="androidx.startup.InitializationProvider"
57-->[androidx.emoji2:emoji2:1.0.0] AndroidManifest.xml:27:13-67
58            android:authorities="com.example.appshowphoto.androidx-startup"
58-->[androidx.emoji2:emoji2:1.0.0] AndroidManifest.xml:28:13-68
59            android:exported="false" >
59-->[androidx.emoji2:emoji2:1.0.0] AndroidManifest.xml:29:13-37
60            <meta-data
60-->[androidx.emoji2:emoji2:1.0.0] AndroidManifest.xml:31:13-33:52
61                android:name="androidx.emoji2.text.EmojiCompatInitializer"
61-->[androidx.emoji2:emoji2:1.0.0] AndroidManifest.xml:32:17-75
62                android:value="androidx.startup" />
62-->[androidx.emoji2:emoji2:1.0.0] AndroidManifest.xml:33:17-49
63            <meta-data
63-->[androidx.lifecycle:lifecycle-process:2.4.0] AndroidManifest.xml:31:13-33:52
64                android:name="androidx.lifecycle.ProcessLifecycleInitializer"
64-->[androidx.lifecycle:lifecycle-process:2.4.0] AndroidManifest.xml:32:17-78
65                android:value="androidx.startup" />
65-->[androidx.lifecycle:lifecycle-process:2.4.0] AndroidManifest.xml:33:17-49
66        </provider>
67    </application>
68
69</manifest>